mode: set
social-media-app/features/content/services/service.go:21.57,26.2 1 1
social-media-app/features/content/services/service.go:28.140,31.17 3 1
social-media-app/features/content/services/service.go:64.2,66.16 2 1
social-media-app/features/content/services/service.go:76.2,76.17 1 1
social-media-app/features/content/services/service.go:31.17,33.17 2 0
social-media-app/features/content/services/service.go:36.3,37.17 2 0
social-media-app/features/content/services/service.go:40.3,41.17 2 0
social-media-app/features/content/services/service.go:44.3,47.17 3 0
social-media-app/features/content/services/service.go:51.3,53.20 2 0
social-media-app/features/content/services/service.go:33.17,35.4 1 0
social-media-app/features/content/services/service.go:37.17,39.4 1 0
social-media-app/features/content/services/service.go:41.17,43.4 1 0
social-media-app/features/content/services/service.go:47.17,49.4 1 0
social-media-app/features/content/services/service.go:66.16,68.49 2 1
social-media-app/features/content/services/service.go:73.3,73.48 1 1
social-media-app/features/content/services/service.go:68.49,70.4 1 1
social-media-app/features/content/services/service.go:70.9,72.4 1 1
social-media-app/features/content/services/service.go:80.68,82.16 2 1
social-media-app/features/content/services/service.go:91.2,91.17 1 1
social-media-app/features/content/services/service.go:82.16,84.49 2 1
social-media-app/features/content/services/service.go:89.3,89.50 1 1
social-media-app/features/content/services/service.go:84.49,86.4 1 1
social-media-app/features/content/services/service.go:86.9,88.4 1 1
social-media-app/features/content/services/service.go:94.96,97.16 3 1
social-media-app/features/content/services/service.go:107.2,107.17 1 1
social-media-app/features/content/services/service.go:97.16,99.49 2 1
social-media-app/features/content/services/service.go:104.3,104.50 1 1
social-media-app/features/content/services/service.go:99.49,101.4 1 1
social-media-app/features/content/services/service.go:101.9,103.4 1 1
social-media-app/features/content/services/service.go:110.145,112.17 2 1
social-media-app/features/content/services/service.go:136.2,137.16 2 1
social-media-app/features/content/services/service.go:147.2,147.17 1 1
social-media-app/features/content/services/service.go:112.17,114.17 2 0
social-media-app/features/content/services/service.go:117.3,118.17 2 0
social-media-app/features/content/services/service.go:121.3,122.17 2 0
social-media-app/features/content/services/service.go:125.3,128.17 3 0
social-media-app/features/content/services/service.go:132.3,134.20 2 0
social-media-app/features/content/services/service.go:114.17,116.4 1 0
social-media-app/features/content/services/service.go:118.17,120.4 1 0
social-media-app/features/content/services/service.go:122.17,124.4 1 0
social-media-app/features/content/services/service.go:128.17,130.4 1 0
social-media-app/features/content/services/service.go:137.16,139.49 2 1
social-media-app/features/content/services/service.go:144.3,144.48 1 1
social-media-app/features/content/services/service.go:139.49,141.4 1 1
social-media-app/features/content/services/service.go:141.9,143.4 1 1
social-media-app/features/content/services/service.go:150.76,153.16 3 1
social-media-app/features/content/services/service.go:163.2,163.12 1 1
social-media-app/features/content/services/service.go:153.16,155.49 2 1
social-media-app/features/content/services/service.go:160.3,160.25 1 1
social-media-app/features/content/services/service.go:155.49,157.4 1 1
social-media-app/features/content/services/service.go:157.9,159.4 1 1
