mode: set
social-media-app/features/user/services/service.go:21.45,26.2 1 1
social-media-app/features/user/services/service.go:28.72,30.16 2 1
social-media-app/features/user/services/service.go:34.2,36.16 3 1
social-media-app/features/user/services/service.go:47.2,47.17 1 1
social-media-app/features/user/services/service.go:30.16,32.3 1 1
social-media-app/features/user/services/service.go:36.16,39.50 2 1
social-media-app/features/user/services/service.go:44.3,44.38 1 1
social-media-app/features/user/services/service.go:39.50,41.4 1 1
social-media-app/features/user/services/service.go:41.9,43.4 1 1
social-media-app/features/user/services/service.go:50.77,56.28 2 1
social-media-app/features/user/services/service.go:70.2,72.16 2 1
social-media-app/features/user/services/service.go:82.2,82.79 1 1
social-media-app/features/user/services/service.go:86.2,88.27 2 1
social-media-app/features/user/services/service.go:56.28,58.17 2 1
social-media-app/features/user/services/service.go:58.17,60.4 1 1
social-media-app/features/user/services/service.go:61.8,61.38 1 1
social-media-app/features/user/services/service.go:61.38,63.17 2 1
social-media-app/features/user/services/service.go:63.17,65.4 1 1
social-media-app/features/user/services/service.go:66.8,68.3 1 1
social-media-app/features/user/services/service.go:72.16,75.93 3 1
social-media-app/features/user/services/service.go:80.3,80.42 1 1
social-media-app/features/user/services/service.go:75.93,77.4 1 1
social-media-app/features/user/services/service.go:77.9,79.4 1 1
social-media-app/features/user/services/service.go:82.79,84.3 1 1
social-media-app/features/user/services/service.go:91.71,93.13 2 1
social-media-app/features/user/services/service.go:96.2,97.16 2 1
social-media-app/features/user/services/service.go:106.2,106.17 1 1
social-media-app/features/user/services/service.go:93.13,95.3 1 1
social-media-app/features/user/services/service.go:97.16,99.49 2 1
social-media-app/features/user/services/service.go:104.3,104.38 1 1
social-media-app/features/user/services/service.go:99.49,101.4 1 1
social-media-app/features/user/services/service.go:101.9,103.4 1 1
social-media-app/features/user/services/service.go:109.120,112.13 2 1
social-media-app/features/user/services/service.go:116.2,116.31 1 1
social-media-app/features/user/services/service.go:123.2,123.34 1 1
social-media-app/features/user/services/service.go:130.2,130.37 1 1
social-media-app/features/user/services/service.go:137.2,137.17 1 1
social-media-app/features/user/services/service.go:164.2,166.16 2 1
social-media-app/features/user/services/service.go:178.2,178.17 1 1
social-media-app/features/user/services/service.go:112.13,114.3 1 1
social-media-app/features/user/services/service.go:116.31,118.17 2 1
social-media-app/features/user/services/service.go:118.17,120.4 1 1
social-media-app/features/user/services/service.go:123.34,125.17 2 1
social-media-app/features/user/services/service.go:125.17,127.4 1 1
social-media-app/features/user/services/service.go:130.37,132.17 2 1
social-media-app/features/user/services/service.go:132.17,134.4 1 1
social-media-app/features/user/services/service.go:137.17,139.17 2 1
social-media-app/features/user/services/service.go:142.3,143.17 2 0
social-media-app/features/user/services/service.go:148.3,149.17 2 0
social-media-app/features/user/services/service.go:152.3,155.17 3 0
social-media-app/features/user/services/service.go:159.3,161.20 2 0
social-media-app/features/user/services/service.go:139.17,141.4 1 1
social-media-app/features/user/services/service.go:143.17,147.4 3 0
social-media-app/features/user/services/service.go:149.17,151.4 1 0
social-media-app/features/user/services/service.go:155.17,157.4 1 0
social-media-app/features/user/services/service.go:166.16,168.49 2 1
social-media-app/features/user/services/service.go:175.3,175.38 1 1
social-media-app/features/user/services/service.go:168.49,170.4 1 1
social-media-app/features/user/services/service.go:170.9,170.56 1 1
social-media-app/features/user/services/service.go:170.56,172.4 1 1
social-media-app/features/user/services/service.go:172.9,174.4 1 1
social-media-app/features/user/services/service.go:180.58,182.16 2 1
social-media-app/features/user/services/service.go:191.2,191.17 1 1
social-media-app/features/user/services/service.go:182.16,184.49 2 1
social-media-app/features/user/services/service.go:189.3,189.40 1 1
social-media-app/features/user/services/service.go:184.49,186.4 1 1
social-media-app/features/user/services/service.go:186.9,188.4 1 1
social-media-app/features/user/services/service.go:194.59,196.13 2 1
social-media-app/features/user/services/service.go:199.2,200.16 2 1
social-media-app/features/user/services/service.go:209.2,209.12 1 1
social-media-app/features/user/services/service.go:196.13,198.3 1 1
social-media-app/features/user/services/service.go:200.16,202.49 2 1
social-media-app/features/user/services/service.go:207.3,207.25 1 1
social-media-app/features/user/services/service.go:202.49,204.4 1 1
social-media-app/features/user/services/service.go:204.9,206.4 1 1
