mode: set
social-media-app/features/user/services/service.go:21.45,26.2 1 1
social-media-app/features/user/services/service.go:28.72,30.16 2 1
social-media-app/features/user/services/service.go:34.2,36.16 3 1
social-media-app/features/user/services/service.go:47.2,47.17 1 1
social-media-app/features/user/services/service.go:30.16,32.3 1 1
social-media-app/features/user/services/service.go:36.16,39.50 2 1
social-media-app/features/user/services/service.go:44.3,44.38 1 1
social-media-app/features/user/services/service.go:39.50,41.4 1 1
social-media-app/features/user/services/service.go:41.9,43.4 1 1
social-media-app/features/user/services/service.go:50.77,55.31 2 1
social-media-app/features/user/services/service.go:69.2,71.16 2 1
social-media-app/features/user/services/service.go:81.2,81.79 1 1
social-media-app/features/user/services/service.go:85.2,87.27 2 1
social-media-app/features/user/services/service.go:55.31,57.17 2 1
social-media-app/features/user/services/service.go:57.17,59.4 1 1
social-media-app/features/user/services/service.go:60.8,60.35 1 1
social-media-app/features/user/services/service.go:60.35,62.17 2 1
social-media-app/features/user/services/service.go:62.17,64.4 1 1
social-media-app/features/user/services/service.go:65.8,67.3 1 1
social-media-app/features/user/services/service.go:71.16,74.93 3 1
social-media-app/features/user/services/service.go:79.3,79.42 1 1
social-media-app/features/user/services/service.go:74.93,76.4 1 1
social-media-app/features/user/services/service.go:76.9,78.4 1 1
social-media-app/features/user/services/service.go:81.79,83.3 1 1
social-media-app/features/user/services/service.go:90.71,92.13 2 1
social-media-app/features/user/services/service.go:95.2,96.16 2 1
social-media-app/features/user/services/service.go:105.2,105.17 1 1
social-media-app/features/user/services/service.go:92.13,94.3 1 1
social-media-app/features/user/services/service.go:96.16,98.49 2 1
social-media-app/features/user/services/service.go:103.3,103.38 1 1
social-media-app/features/user/services/service.go:98.49,100.4 1 1
social-media-app/features/user/services/service.go:100.9,102.4 1 1
social-media-app/features/user/services/service.go:108.120,111.13 2 1
social-media-app/features/user/services/service.go:115.2,115.31 1 1
social-media-app/features/user/services/service.go:122.2,122.34 1 1
social-media-app/features/user/services/service.go:129.2,129.37 1 1
social-media-app/features/user/services/service.go:136.2,136.17 1 1
social-media-app/features/user/services/service.go:162.2,166.16 4 1
social-media-app/features/user/services/service.go:178.2,178.17 1 1
social-media-app/features/user/services/service.go:111.13,113.3 1 1
social-media-app/features/user/services/service.go:115.31,117.17 2 1
social-media-app/features/user/services/service.go:117.17,119.4 1 1
social-media-app/features/user/services/service.go:122.34,124.17 2 1
social-media-app/features/user/services/service.go:124.17,126.4 1 1
social-media-app/features/user/services/service.go:129.37,131.17 2 1
social-media-app/features/user/services/service.go:131.17,133.4 1 1
social-media-app/features/user/services/service.go:136.17,138.17 2 0
social-media-app/features/user/services/service.go:141.3,142.17 2 0
social-media-app/features/user/services/service.go:147.3,148.17 2 0
social-media-app/features/user/services/service.go:151.3,154.17 3 0
social-media-app/features/user/services/service.go:158.3,160.20 2 0
social-media-app/features/user/services/service.go:138.17,140.4 1 0
social-media-app/features/user/services/service.go:142.17,146.4 3 0
social-media-app/features/user/services/service.go:148.17,150.4 1 0
social-media-app/features/user/services/service.go:154.17,156.4 1 0
social-media-app/features/user/services/service.go:166.16,168.49 2 1
social-media-app/features/user/services/service.go:175.3,175.38 1 1
social-media-app/features/user/services/service.go:168.49,170.4 1 1
social-media-app/features/user/services/service.go:170.9,170.56 1 1
social-media-app/features/user/services/service.go:170.56,172.4 1 1
social-media-app/features/user/services/service.go:172.9,174.4 1 1
social-media-app/features/user/services/service.go:180.58,182.16 2 1
social-media-app/features/user/services/service.go:191.2,191.17 1 1
social-media-app/features/user/services/service.go:182.16,184.49 2 1
social-media-app/features/user/services/service.go:189.3,189.40 1 1
social-media-app/features/user/services/service.go:184.49,186.4 1 1
social-media-app/features/user/services/service.go:186.9,188.4 1 1
social-media-app/features/user/services/service.go:194.59,196.13 2 1
social-media-app/features/user/services/service.go:199.2,200.16 2 1
social-media-app/features/user/services/service.go:209.2,209.12 1 1
social-media-app/features/user/services/service.go:196.13,198.3 1 1
social-media-app/features/user/services/service.go:200.16,202.49 2 1
social-media-app/features/user/services/service.go:207.3,207.25 1 1
social-media-app/features/user/services/service.go:202.49,204.4 1 1
social-media-app/features/user/services/service.go:204.9,206.4 1 1
