mode: set
social-media-app/features/content/services/service.go:22.57,27.2 1 1
social-media-app/features/content/services/service.go:29.140,32.17 3 1
social-media-app/features/content/services/service.go:57.2,58.16 2 1
social-media-app/features/content/services/service.go:65.2,67.16 2 1
social-media-app/features/content/services/service.go:77.2,77.17 1 1
social-media-app/features/content/services/service.go:32.17,34.17 2 0
social-media-app/features/content/services/service.go:37.3,38.17 2 0
social-media-app/features/content/services/service.go:41.3,42.17 2 0
social-media-app/features/content/services/service.go:45.3,48.17 3 0
social-media-app/features/content/services/service.go:52.3,54.20 2 0
social-media-app/features/content/services/service.go:34.17,36.4 1 0
social-media-app/features/content/services/service.go:38.17,40.4 1 0
social-media-app/features/content/services/service.go:42.17,44.4 1 0
social-media-app/features/content/services/service.go:48.17,50.4 1 0
social-media-app/features/content/services/service.go:58.16,60.59 2 0
social-media-app/features/content/services/service.go:63.3,63.73 1 0
social-media-app/features/content/services/service.go:60.59,62.4 1 0
social-media-app/features/content/services/service.go:67.16,69.49 2 1
social-media-app/features/content/services/service.go:74.3,74.48 1 1
social-media-app/features/content/services/service.go:69.49,71.4 1 1
social-media-app/features/content/services/service.go:71.9,73.4 1 0
social-media-app/features/content/services/service.go:81.68,83.16 2 0
social-media-app/features/content/services/service.go:92.2,92.17 1 0
social-media-app/features/content/services/service.go:83.16,85.49 2 0
social-media-app/features/content/services/service.go:90.3,90.50 1 0
social-media-app/features/content/services/service.go:85.49,87.4 1 0
social-media-app/features/content/services/service.go:87.9,89.4 1 0
social-media-app/features/content/services/service.go:95.96,98.16 3 0
social-media-app/features/content/services/service.go:108.2,108.17 1 0
social-media-app/features/content/services/service.go:98.16,100.49 2 0
social-media-app/features/content/services/service.go:105.3,105.50 1 0
social-media-app/features/content/services/service.go:100.49,102.4 1 0
social-media-app/features/content/services/service.go:102.9,104.4 1 0
social-media-app/features/content/services/service.go:111.145,113.17 2 0
social-media-app/features/content/services/service.go:137.2,138.16 2 0
social-media-app/features/content/services/service.go:148.2,148.17 1 0
social-media-app/features/content/services/service.go:113.17,115.17 2 0
social-media-app/features/content/services/service.go:118.3,119.17 2 0
social-media-app/features/content/services/service.go:122.3,123.17 2 0
social-media-app/features/content/services/service.go:126.3,129.17 3 0
social-media-app/features/content/services/service.go:133.3,135.20 2 0
social-media-app/features/content/services/service.go:115.17,117.4 1 0
social-media-app/features/content/services/service.go:119.17,121.4 1 0
social-media-app/features/content/services/service.go:123.17,125.4 1 0
social-media-app/features/content/services/service.go:129.17,131.4 1 0
social-media-app/features/content/services/service.go:138.16,140.49 2 0
social-media-app/features/content/services/service.go:145.3,145.48 1 0
social-media-app/features/content/services/service.go:140.49,142.4 1 0
social-media-app/features/content/services/service.go:142.9,144.4 1 0
social-media-app/features/content/services/service.go:151.76,154.16 3 0
social-media-app/features/content/services/service.go:164.2,164.12 1 0
social-media-app/features/content/services/service.go:154.16,156.49 2 0
social-media-app/features/content/services/service.go:161.3,161.25 1 0
social-media-app/features/content/services/service.go:156.49,158.4 1 0
social-media-app/features/content/services/service.go:158.9,160.4 1 0
