mode: set
social-media-app/features/comment/services/service.go:17.57,22.2 1 1
social-media-app/features/comment/services/service.go:24.111,26.16 2 1
social-media-app/features/comment/services/service.go:30.2,31.17 2 1
social-media-app/features/comment/services/service.go:34.2,35.16 2 1
social-media-app/features/comment/services/service.go:44.2,44.17 1 1
social-media-app/features/comment/services/service.go:26.16,28.3 1 1
social-media-app/features/comment/services/service.go:31.17,33.3 1 1
social-media-app/features/comment/services/service.go:35.16,37.49 2 1
social-media-app/features/comment/services/service.go:42.3,42.41 1 1
social-media-app/features/comment/services/service.go:37.49,39.4 1 1
social-media-app/features/comment/services/service.go:39.9,41.4 1 1
social-media-app/features/comment/services/service.go:47.78,49.16 2 1
social-media-app/features/comment/services/service.go:58.2,58.17 1 1
social-media-app/features/comment/services/service.go:49.16,51.49 2 1
social-media-app/features/comment/services/service.go:56.3,56.43 1 1
social-media-app/features/comment/services/service.go:51.49,53.4 1 1
social-media-app/features/comment/services/service.go:53.9,55.4 1 1
social-media-app/features/comment/services/service.go:61.76,63.17 2 1
social-media-app/features/comment/services/service.go:66.2,67.16 2 1
social-media-app/features/comment/services/service.go:76.2,76.12 1 1
social-media-app/features/comment/services/service.go:63.17,65.3 1 1
social-media-app/features/comment/services/service.go:67.16,69.49 2 1
social-media-app/features/comment/services/service.go:74.3,74.25 1 1
social-media-app/features/comment/services/service.go:69.49,71.4 1 1
social-media-app/features/comment/services/service.go:71.9,73.4 1 1
social-media-app/features/comment/services/service.go:78.117,80.16 2 1
social-media-app/features/comment/services/service.go:84.2,85.17 2 1
social-media-app/features/comment/services/service.go:89.2,90.16 2 1
social-media-app/features/comment/services/service.go:100.2,100.17 1 1
social-media-app/features/comment/services/service.go:80.16,82.3 1 1
social-media-app/features/comment/services/service.go:85.17,87.3 1 1
social-media-app/features/comment/services/service.go:90.16,92.49 2 1
social-media-app/features/comment/services/service.go:97.3,97.41 1 1
social-media-app/features/comment/services/service.go:92.49,94.4 1 1
social-media-app/features/comment/services/service.go:94.9,96.4 1 1
